[debug] [2024-12-13T06:26:38.762Z] ----------------------------------------------------------------------
[debug] [2024-12-13T06:26:38.765Z] Command:       C:\Program Files\nvm\v18.20.5\node.exe C:\Program Files\nvm\v18.20.5\node_modules\firebase-tools\lib\bin\firebase.js init
[debug] [2024-12-13T06:26:38.766Z] CLI Version:   13.28.0
[debug] [2024-12-13T06:26:38.766Z] Platform:      win32
[debug] [2024-12-13T06:26:38.767Z] Node Version:  v18.20.5
[debug] [2024-12-13T06:26:38.768Z] Time:          Fri Dec 13 2024 11:56:38 GMT+0530 (India Standard Time)
[debug] [2024-12-13T06:26:38.768Z] ----------------------------------------------------------------------
[debug] 
[debug] [2024-12-13T06:26:38.776Z] > command requires scopes: ["email","openid","https://www.googleapis.com/auth/cloudplatformprojects.readonly","https://www.googleapis.com/auth/firebase","https://www.googleapis.com/auth/cloud-platform"]
[debug] [2024-12-13T06:26:38.777Z] > authorizing via signed-in user (siddharthdas83109@gmail.com)
[info] 
     ######## #### ########  ######## ########     ###     ######  ########
     ##        ##  ##     ## ##       ##     ##  ##   ##  ##       ##
     ######    ##  ########  ######   ########  #########  ######  ######
     ##        ##  ##    ##  ##       ##     ## ##     ##       ## ##
     ##       #### ##     ## ######## ########  ##     ##  ######  ########

You're about to initialize a Firebase project in this directory:

  D:\CI-CD-Testing

[info] 
=== Project Setup
[info] 
[info] First, let's associate this project directory with a Firebase project.
[info] You can create multiple project aliases by running firebase use --add, 
[info] but for now we'll just set up a default project.
[info] 
[debug] [2024-12-13T06:26:49.932Z] Checked if tokens are valid: false, expires at: 1734020164769
[debug] [2024-12-13T06:26:49.933Z] Checked if tokens are valid: false, expires at: 1734020164769
[debug] [2024-12-13T06:26:49.933Z] > refreshing access token with scopes: []
[debug] [2024-12-13T06:26:49.937Z] >>> [apiv2][query] POST https://www.googleapis.com/oauth2/v3/token [none]
[debug] [2024-12-13T06:26:49.937Z] >>> [apiv2][body] POST https://www.googleapis.com/oauth2/v3/token [omitted]
[debug] [2024-12-13T06:26:50.660Z] <<< [apiv2][status] POST https://www.googleapis.com/oauth2/v3/token 200
[debug] [2024-12-13T06:26:50.660Z] <<< [apiv2][body] POST https://www.googleapis.com/oauth2/v3/token [omitted]
[debug] [2024-12-13T06:26:50.710Z] >>> [apiv2][query] GET https://firebase.googleapis.com/v1beta1/projects pageSize=100
[debug] [2024-12-13T06:26:51.842Z] <<< [apiv2][status] GET https://firebase.googleapis.com/v1beta1/projects 200
[debug] [2024-12-13T06:26:51.842Z] <<< [apiv2][body] GET https://firebase.googleapis.com/v1beta1/projects [omitted]
[info] i  Using project fir-cicd-a3093 (firebase-cicd) 
[info] 
=== Hosting Setup
[debug] [2024-12-13T06:26:57.417Z] Checked if tokens are valid: true, expires at: 1734074809661
[debug] [2024-12-13T06:26:57.417Z] Checked if tokens are valid: true, expires at: 1734074809661
[debug] [2024-12-13T06:26:57.418Z] >>> [apiv2][query] GET https://firebase.googleapis.com/v1beta1/projects/fir-cicd-a3093 [none]
[debug] [2024-12-13T06:26:58.194Z] <<< [apiv2][status] GET https://firebase.googleapis.com/v1beta1/projects/fir-cicd-a3093 200
[debug] [2024-12-13T06:26:58.195Z] <<< [apiv2][body] GET https://firebase.googleapis.com/v1beta1/projects/fir-cicd-a3093 {"projectId":"fir-cicd-a3093","projectNumber":"350774338425","displayName":"firebase-cicd","name":"projects/fir-cicd-a3093","resources":{"hostingSite":"fir-cicd-a3093"},"state":"ACTIVE","etag":"1_6179646d-7f58-494f-8eab-170319f2839b"}
[info] 
[info] Your public directory is the folder (relative to your project directory) that
[info] will contain Hosting assets to be uploaded with firebase deploy. If you
[info] have a build process for your assets, use your build's output directory.
[info] 
[debug] [2024-12-13T06:27:44.051Z] >>> [apiv2][query] GET https://www.gstatic.com/firebasejs/releases.json [none]
[debug] [2024-12-13T06:27:44.476Z] <<< [apiv2][status] GET https://www.gstatic.com/firebasejs/releases.json 200
[debug] [2024-12-13T06:27:44.477Z] <<< [apiv2][body] GET https://www.gstatic.com/firebasejs/releases.json {"current":{"version":"11.1.0","browserURL":"https://www.gstatic.com/firebasejs/11.1.0/firebase.js","packageURL":"https://www.gstatic.com/firebasejs/11.1.0/firebase.tgz"},"live":{"version":"11.1","browserURL":"https://www.gstatic.com/firebasejs/live/11.1/firebase.js","packageURL":"https://www.gstatic.com/firebasejs/live/11.1/firebase.tgz"},"components":{"analytics":"https://www.gstatic.com/firebasejs/11.1.0/firebase-analytics.js","app":"https://www.gstatic.com/firebasejs/11.1.0/firebase-app.js","app-check":"https://www.gstatic.com/firebasejs/11.1.0/firebase-app-check.js","auth":"https://www.gstatic.com/firebasejs/11.1.0/firebase-auth.js","auth/cordova":"https://www.gstatic.com/firebasejs/11.1.0/firebase-auth/cordova.js","auth/web-extension":"https://www.gstatic.com/firebasejs/11.1.0/firebase-auth/web-extension.js","functions":"https://www.gstatic.com/firebasejs/11.1.0/firebase-functions.js","firestore":"https://www.gstatic.com/firebasejs/11.1.0/firebase-firestore.js","firestore/lite":"https://www.gstatic.com/firebasejs/11.1.0/firebase-firestore/lite.js","installations":"https://www.gstatic.com/firebasejs/11.1.0/firebase-installations.js","storage":"https://www.gstatic.com/firebasejs/11.1.0/firebase-storage.js","performance":"https://www.gstatic.com/firebasejs/11.1.0/firebase-performance.js","remote-config":"https://www.gstatic.com/firebasejs/11.1.0/firebase-remote-config.js","messaging":"https://www.gstatic.com/firebasejs/11.1.0/firebase-messaging.js","messaging/sw":"https://www.gstatic.com/firebasejs/11.1.0/firebase-messaging/sw.js","database":"https://www.gstatic.com/firebasejs/11.1.0/firebase-database.js","vertexai":"https://www.gstatic.com/firebasejs/11.1.0/firebase-vertexai.js","data-connect":"https://www.gstatic.com/firebasejs/11.1.0/firebase-data-connect.js","firestore.memory":"https://www.gstatic.com/firebasejs/11.1.0/firebase-firestore.memory.js"}}
[debug] [2024-12-13T06:27:45.090Z] Error: Path contains invalid characters: D:\CI-CD-Testing\https:\github.com\SIDx15\CI-CD-Testing
    at checkPath (C:\Program Files\nvm\v18.20.5\node_modules\firebase-tools\node_modules\fs-extra\lib\mkdirs\utils.js:16:21)
    at module.exports.makeDirSync (C:\Program Files\nvm\v18.20.5\node_modules\firebase-tools\node_modules\fs-extra\lib\mkdirs\make-dir.js:21:3)
    at Object.createFileSync (C:\Program Files\nvm\v18.20.5\node_modules\firebase-tools\node_modules\fs-extra\lib\ensure\file.js:59:45)
    at Config.writeProjectFile (C:\Program Files\nvm\v18.20.5\node_modules\firebase-tools\lib\config.js:159:12)
    at C:\Program Files\nvm\v18.20.5\node_modules\firebase-tools\lib\config.js:193:22
    at process.processTicksAndRejections (node:internal/process/task_queues:95:5)
    at async doSetup (C:\Program Files\nvm\v18.20.5\node_modules\firebase-tools\lib\init\features\hosting\index.js:177:9)
    at async init (C:\Program Files\nvm\v18.20.5\node_modules\firebase-tools\lib\init\index.js:41:9)
[error] 
[error] Error: An unexpected error has occurred.
